<?xml version="1.0" encoding="utf-8"?><testsuites name="pytest tests"><testsuite name="pytest" errors="0" failures="0" skipped="4" tests="146" time="36.231" timestamp="2026-09-15T12:15:29.034569+08:00" hostname="Kyle"><testcase classname="tests.test_scf_repair_chain" name="test_three_stages_and_idempotent_resume" time="0.368" /><testcase classname="tests.test_scf_repair_chain" name="test_failed_stage_never_launches_next[fatal-A_fixed_density]" time="0.099" /><testcase classname="tests.test_scf_repair_chain" name="test_failed_stage_never_launches_next[fatal-B_self_consistent]" time="0.167" /><testcase classname="tests.test_scf_repair_chain" name="test_failed_stage_never_launches_next[fatal-C_restart]" time="0.264" /><testcase classname="tests.test_scf_repair_chain" name="test_failed_stage_never_launches_next[nelm-A_fixed_density]" time="0.115" /><testcase classname="tests.test_scf_repair_chain" name="test_failed_stage_never_launches_next[nelm-B_self_consistent]" time="0.171" /><testcase classname="tests.test_scf_repair_chain" name="test_failed_stage_never_launches_next[nelm-C_restart]" time="0.260" /><testcase classname="tests.test_scf_repair_chain" name="test_failed_stage_never_launches_next[no_footer-A_fixed_density]" time="0.113" /><testcase classname="tests.test_scf_repair_chain" name="test_failed_stage_never_launches_next[no_footer-B_self_consistent]" time="0.177" /><testcase classname="tests.test_scf_repair_chain" name="test_failed_stage_never_launches_next[no_footer-C_restart]" time="0.272" /><testcase classname="tests.test_scf_repair_chain" name="test_failed_stage_never_launches_next[exit-A_fixed_density]" time="0.110" /><testcase classname="tests.test_scf_repair_chain" name="test_failed_stage_never_launches_next[exit-B_self_consistent]" time="0.166" /><testcase classname="tests.test_scf_repair_chain" name="test_failed_stage_never_launches_next[exit-C_restart]" time="0.268" /><testcase classname="tests.test_scf_repair_chain" name="test_failed_stage_never_launches_next[runtime-A_fixed_density]" time="0.121" /><testcase classname="tests.test_scf_repair_chain" name="test_failed_stage_never_launches_next[runtime-B_self_consistent]" time="0.172" /><testcase classname="tests.test_scf_repair_chain" name="test_failed_stage_never_launches_next[runtime-C_restart]" time="0.277" /><testcase classname="tests.test_scf_repair_chain" name="test_failed_stage_never_launches_next[empty_wave-A_fixed_density]" time="0.003"><skipped type="pytest.skip" message="A is non-selfconsistent and cannot supply a restart">C:\Users\86177\Desktop\work\tests\test_scf_repair_chain.py:119: A is non-selfconsistent and cannot supply a restart</skipped></testcase><testcase classname="tests.test_scf_repair_chain" name="test_failed_stage_never_launches_next[empty_wave-B_self_consistent]" time="0.166" /><testcase classname="tests.test_scf_repair_chain" name="test_failed_stage_never_launches_next[empty_wave-C_restart]" time="0.272" /><testcase classname="tests.test_scf_repair_chain" name="test_failed_stage_never_launches_next[wrong_branch-A_fixed_density]" time="0.004"><skipped type="pytest.skip" message="A is non-selfconsistent and cannot supply a restart">C:\Users\86177\Desktop\work\tests\test_scf_repair_chain.py:119: A is non-selfconsistent and cannot supply a restart</skipped></testcase><testcase classname="tests.test_scf_repair_chain" name="test_failed_stage_never_launches_next[wrong_branch-B_self_consistent]" time="0.216" /><testcase classname="tests.test_scf_repair_chain" name="test_failed_stage_never_launches_next[wrong_branch-C_restart]" time="0.282" /><testcase classname="tests.test_scf_repair_chain" name="test_failed_stage_never_launches_next[restart_not_read-A_fixed_density]" time="0.003"><skipped type="pytest.skip" message="A is non-selfconsistent and cannot supply a restart">C:\Users\86177\Desktop\work\tests\test_scf_repair_chain.py:119: A is non-selfconsistent and cannot supply a restart</skipped></testcase><testcase classname="tests.test_scf_repair_chain" name="test_failed_stage_never_launches_next[restart_not_read-B_self_consistent]" time="0.003"><skipped type="pytest.skip" message="only C reads restart inputs">C:\Users\86177\Desktop\work\tests\test_scf_repair_chain.py:121: only C reads restart inputs</skipped></testcase><testcase classname="tests.test_scf_repair_chain" name="test_failed_stage_never_launches_next[restart_not_read-C_restart]" time="0.269" /><testcase classname="tests.test_scf_repair_chain" name="test_soft_warning_advances_and_no_zero_tolerance" time="0.308" /><testcase classname="tests.test_scf_repair_chain" name="test_no_launch_on_bad_bindings_or_uncertain_attempt[input]" time="0.044" /><testcase classname="tests.test_scf_repair_chain" name="test_no_launch_on_bad_bindings_or_uncertain_attempt[permit]" time="0.043" /><testcase classname="tests.test_scf_repair_chain" name="test_no_launch_on_bad_bindings_or_uncertain_attempt[reservation]" time="0.060" /><testcase classname="tests.test_scf_repair_chain" name="test_no_launch_on_bad_bindings_or_uncertain_attempt[lock]" time="0.047" /><testcase classname="tests.test_scf_repair_chain" name="test_no_launch_on_bad_bindings_or_uncertain_attempt[wrong_slots]" time="0.046" /><testcase classname="tests.test_scf_repair_chain" name="test_tampered_completed_output_blocks_resume" time="0.327" /><testcase classname="tests.test_scf_repair_chain" name="test_geometry_accepts_periodic_equivalence_not_drift" time="0.035" /><testcase classname="tests.test_scf_repair_chain" name="test_zipapp_precheck_does_not_execute" time="0.435" /><testcase classname="tests.test_scf_repair_chain" name="test_initial_gate_requires_three_stage_scope" time="0.001" /><testcase classname="tests.test_scf_repair_chain" name="test_canonical_preflight_gate_and_submission_permit" time="0.517" /><testcase classname="tests.test_neb_submission" name="test_neb_preflight_rejects_nondivisible_mpi_ranks" time="0.084" /><testcase classname="tests.test_neb_submission" name="test_neb_preflight_requires_per_image_ranks_divisible_by_npar[126-False]" time="0.089" /><testcase classname="tests.test_neb_submission" name="test_neb_preflight_requires_per_image_ranks_divisible_by_npar[108-True]" time="0.088" /><testcase classname="tests.test_neb_submission" name="test_neb_pilot_uses_the_same_structural_preflight" time="0.069" /><testcase classname="tests.test_neb_submission" name="test_production_neb_allows_missing_optional_pilot" time="0.073" /><testcase classname="tests.test_neb_submission" name="test_production_neb_rejects_invalid_supplied_optional_pilot" time="0.069" /><testcase classname="tests.test_neb_submission" name="test_static_diagnostic_preflight" time="0.051" /><testcase classname="tests.test_neb_submission" name="test_ci_neb_preflight_requires_climb" time="0.077" /><testcase classname="tests.test_neb_submission" name="test_dimer_preflight_requires_modecar_and_dimer_incar" time="0.074" /><testcase classname="tests.test_neb_submission" name="test_vfa_preflight_requires_bound_scope_review" time="0.173" /><testcase classname="tests.test_neb_submission" name="test_upload_stages_only_manifest_files" time="0.013" /><testcase classname="tests.test_neb_submission" name="test_stop_job_accepts_gate_bound_pending_job" time="0.059" /><testcase classname="tests.test_neb_submission" name="test_submit_failure_leaves_unresolved_marker_and_no_success_record" time="0.291" /><testcase classname="tests.test_neb_submission" name="test_unresolved_or_completed_submission_cannot_be_repeated" time="0.208" /><testcase classname="tests.test_neb_submission" name="test_successful_submit_preserves_reservation_with_success_record" time="0.293" /><testcase classname="tests.test_neb_submission" name="test_invalid_resource_directive_fails_preflight[#BSUB -R]" time="0.051" /><testcase classname="tests.test_neb_submission" name="test_invalid_resource_directive_fails_preflight[#BSUB -R '']" time="0.050" /><testcase classname="tests.test_neb_submission" name="test_invalid_resource_directive_fails_preflight[#BSUB -q queue]" time="0.052" /><testcase classname="tests.test_neb_submission" name="test_invalid_resource_directive_fails_preflight[#BSUB -R 'unterminated]" time="0.048" /><testcase classname="tests.test_neb_submission" name="test_invalid_resource_directive_fails_preflight[#BSUB -R a\n#BSUB -R b]" time="0.050" /><testcase classname="tests.test_neb_submission" name="test_bound_resource_requirement_reaches_bsub" time="0.337" /><testcase classname="tests.test_neb_submission" name="test_bsub_resource_is_single_shell_argument" time="0.001" /><testcase classname="tests.test_neb_execution_gate" name="test_electronic_failure_has_priority_over_underresolved_path" time="0.001" /><testcase classname="tests.test_neb_execution_gate" name="test_electronic_failure_can_only_submit_a_preflighted_diagnostic" time="0.001" /><testcase classname="tests.test_neb_execution_gate" name="test_magnetic_continuity_warning_does_not_block_ordinary_neb_submission" time="0.001" /><testcase classname="tests.test_neb_execution_gate" name="test_passed_electronic_remediation_exposes_next_path_failure" time="0.001" /><testcase classname="tests.test_neb_execution_gate" name="test_inline_evidence_cannot_authorize_stopping" time="0.006" /><testcase classname="tests.test_neb_execution_gate" name="test_unverified_quality_electronic_flag_cannot_trigger_hard_stop" time="0.006" /><testcase classname="tests.test_neb_execution_gate" name="test_file_bound_hard_failure_needs_separate_execution_authorization" time="0.104" /><testcase classname="tests.test_neb_execution_gate" name="test_unscoped_user_request_cannot_cancel_pending_job" time="0.083" /><testcase classname="tests.test_neb_execution_gate" name="test_transient_nelm_high_force_and_energy_dip_are_warnings_only" time="0.007" /><testcase classname="tests.test_neb_execution_gate" name="test_persistent_high_force_without_decreasing_trend_blocks_path" time="0.001" /><testcase classname="tests.test_neb_execution_gate" name="test_high_force_with_magnetic_discontinuity_blocks_path" time="0.001" /><testcase classname="tests.test_neb_execution_gate" name="test_continue_requires_current_running_scheduler_evidence" time="0.006" /><testcase classname="tests.test_neb_execution_gate" name="test_missing_path_binding_is_unresolved_not_a_stop" time="0.001" /><testcase classname="tests.test_neb_execution_gate" name="test_submission_requires_current_gate_decision" time="0.023" /><testcase classname="tests.test_neb_execution_gate" name="test_short_neb_pilot_is_diagnostic_only" time="0.001" /><testcase classname="tests.test_neb_execution_gate" name="test_ordinary_neb_can_select_ci_neb_or_dimer" time="0.010" /><testcase classname="tests.test_neb_execution_gate" name="test_no_climb_parent_can_prepare_dimer_without_full_neb_convergence" time="0.006" /><testcase classname="tests.test_neb_execution_gate" name="test_coarse_neb_stable_other_images_and_stalled_peak_recommends_dimer" time="0.005" /><testcase classname="tests.test_neb_execution_gate" name="test_dimer_requires_its_own_preflight" time="0.018" /><testcase classname="tests.test_neb_execution_gate" name="test_vfa_requires_its_own_passed_hard_gate" time="0.001" /><testcase classname="tests.test_neb_execution_gate" name="test_tampered_action_cannot_bypass_authoritative_gate" time="0.023" /><testcase classname="tests.test_execution_gate_compatibility" name="test_legacy_execution_gate_public_imports_remain_available" time="0.001" /><testcase classname="tests.test_execution_gate_compatibility" name="test_execution_gate_public_signatures_remain_compatible" time="0.001" /><testcase classname="tests.test_execution_gate_compatibility" name="test_execution_gate_split_has_no_reverse_import" time="0.003" /><testcase classname="tests.test_execution_lifecycle" name="test_invalid_remote_path_rejected_before_network[~/sbq/../job]" time="0.162" /><testcase classname="tests.test_execution_lifecycle" name="test_invalid_remote_path_rejected_before_network[~/sbq/x/../../job]" time="0.155" /><testcase classname="tests.test_execution_lifecycle" name="test_invalid_remote_path_rejected_before_network[/tmp/job]" time="0.165" /><testcase classname="tests.test_execution_lifecycle" name="test_invalid_remote_path_rejected_before_network[/home/user/sbq/job]" time="0.153" /><testcase classname="tests.test_execution_lifecycle" name="test_invalid_remote_path_rejected_before_network[~/other/job]" time="0.155" /><testcase classname="tests.test_execution_lifecycle" name="test_invalid_remote_path_rejected_before_network[~/sbq//job]" time="0.162" /><testcase classname="tests.test_execution_lifecycle" name="test_invalid_remote_path_rejected_before_network[~/sbq/./job]" time="0.159" /><testcase classname="tests.test_execution_lifecycle" name="test_invalid_remote_path_rejected_before_network[~/sbq/job;echo_bad]" time="0.161" /><testcase classname="tests.test_execution_lifecycle" name="test_invalid_remote_path_rejected_before_network[~/sbq]" time="0.158" /><testcase classname="tests.test_execution_lifecycle" name="test_invalid_digest_rejected_before_network[]" time="0.141" /><testcase classname="tests.test_execution_lifecycle" name="test_invalid_digest_rejected_before_network[hash]" time="0.147" /><testcase classname="tests.test_execution_lifecycle" name="test_invalid_digest_rejected_before_network[aaaaaaaaaaaaaaaaaaaaaaaaaaaaaaaaaaaaaaaaaaaaaaaaaaaaaaaaaaaaaaa]" time="0.160" /><testcase classname="tests.test_execution_lifecycle" name="test_invalid_digest_rejected_before_network[gggggggggggggggggggggggggggggggggggggggggggggggggggggggggggggggg]" time="0.156" /><testcase classname="tests.test_execution_lifecycle" name="test_invalid_digest_rejected_before_network[aaaaaaaaaaaaaaaaaaaaaaaaaaaaaaaaaaaaaaaaaaaaaaaaaaaaaaaaaaaaaaaa;touch bad]" time="0.163" /><testcase classname="tests.test_execution_lifecycle" name="test_invalid_digest_rejected_before_network[$(echo bad)]" time="0.164" /><testcase classname="tests.test_execution_lifecycle" name="test_invalid_job_id_rejected_before_shell[../123]" time="0.056" /><testcase classname="tests.test_execution_lifecycle" name="test_invalid_job_id_rejected_before_shell[123;echo bad]" time="0.050" /><testcase classname="tests.test_execution_lifecycle" name="test_invalid_job_id_rejected_before_shell[-1]" time="0.052" /><testcase classname="tests.test_execution_lifecycle" name="test_invalid_job_id_rejected_before_shell[0]" time="0.055" /><testcase classname="tests.test_execution_lifecycle" name="test_invalid_job_id_rejected_before_shell[123\n]" time="0.054" /><testcase classname="tests.test_execution_lifecycle" name="test_invalid_job_id_rejected_before_shell[1[2]]" time="0.046" /><testcase classname="tests.test_execution_lifecycle" name="test_modified_bundle_rejected[INCAR]" time="0.163" /><testcase classname="tests.test_execution_lifecycle" name="test_modified_bundle_rejected[POSCAR]" time="0.155" /><testcase classname="tests.test_execution_lifecycle" name="test_modified_bundle_rejected[POTCAR.spec]" time="0.159" /><testcase classname="tests.test_execution_lifecycle" name="test_modified_bundle_rejected[script.lsf]" time="0.167" /><testcase classname="tests.test_execution_lifecycle" name="test_stale_evidence_rejected[analysis.json]" time="0.174" /><testcase classname="tests.test_execution_lifecycle" name="test_stale_evidence_rejected[geometry.json]" time="0.175" /><testcase classname="tests.test_execution_lifecycle" name="test_stale_evidence_rejected[thresholds.json]" time="0.190" /><testcase classname="tests.test_execution_lifecycle" name="test_stale_evidence_rejected[approval.txt]" time="0.170" /><testcase classname="tests.test_execution_lifecycle" name="test_stale_evidence_rejected[submission_preflight.json]" time="0.163" /><testcase classname="tests.test_execution_lifecycle" name="test_stale_evidence_rejected[user_execution_authorization.json]" time="0.178" /><testcase classname="tests.test_execution_lifecycle" name="test_potcar_identity_cannot_be_substituted" time="0.243" /><testcase classname="tests.test_execution_lifecycle" name="test_concurrent_submitters_have_one_reservation_and_one_submit" time="0.368" /><testcase classname="tests.test_execution_lifecycle" name="test_crash_after_submit_is_unknown_and_never_retried" time="0.352" /><testcase classname="tests.test_execution_lifecycle" name="test_stale_evidence_after_upload_prevents_bsub" time="0.281" /><testcase classname="tests.test_execution_lifecycle" name="test_local_symlink_escape_rejected" time="0.006" /><testcase classname="tests.test_execution_lifecycle" name="test_full_remote_manifest_verified_immediately_before_bsub[None-False]" time="1.757" /><testcase classname="tests.test_execution_lifecycle" name="test_full_remote_manifest_verified_immediately_before_bsub[None-True]" time="1.774" /><testcase classname="tests.test_execution_lifecycle" name="test_full_remote_manifest_verified_immediately_before_bsub[INCAR-False]" time="1.051" /><testcase classname="tests.test_execution_lifecycle" name="test_full_remote_manifest_verified_immediately_before_bsub[INCAR-True]" time="1.041" /><testcase classname="tests.test_execution_lifecycle" name="test_full_remote_manifest_verified_immediately_before_bsub[POSCAR-False]" time="1.265" /><testcase classname="tests.test_execution_lifecycle" name="test_full_remote_manifest_verified_immediately_before_bsub[POSCAR-True]" time="1.242" /><testcase classname="tests.test_execution_lifecycle" name="test_full_remote_manifest_verified_immediately_before_bsub[POTCAR-False]" time="1.562" /><testcase classname="tests.test_execution_lifecycle" name="test_full_remote_manifest_verified_immediately_before_bsub[POTCAR-True]" time="1.540" /><testcase classname="tests.test_execution_lifecycle" name="test_full_remote_manifest_verified_immediately_before_bsub[source_POTCAR-False]" time="0.886" /><testcase classname="tests.test_execution_lifecycle" name="test_full_remote_manifest_verified_immediately_before_bsub[source_POTCAR-True]" time="0.897" /><testcase classname="tests.test_execution_lifecycle" name="test_full_remote_manifest_verified_immediately_before_bsub[extra-False]" time="1.745" /><testcase classname="tests.test_execution_lifecycle" name="test_full_remote_manifest_verified_immediately_before_bsub[extra-True]" time="1.721" /><testcase classname="tests.test_execution_lifecycle" name="test_remote_symlink_escape_rejected_by_real_shell" time="0.214" /><testcase classname="tests.test_execution_lifecycle" name="test_boolean_review_is_scientific_readiness_only" time="0.001" /><testcase classname="tests.test_execution_lifecycle" name="test_current_authorized_gate_and_stale_state" time="0.167" /><testcase classname="tests.test_execution_lifecycle" name="test_remote_manifest_rejects_invalid_paths_and_digests[../INCAR-aaaaaaaaaaaaaaaaaaaaaaaaaaaaaaaaaaaaaaaaaaaaaaaaaaaaaaaaaaaaaaaa]" time="0.001" /><testcase classname="tests.test_execution_lifecycle" name="test_remote_manifest_rejects_invalid_paths_and_digests[/INCAR-aaaaaaaaaaaaaaaaaaaaaaaaaaaaaaaaaaaaaaaaaaaaaaaaaaaaaaaaaaaaaaaa]" time="0.001" /><testcase classname="tests.test_execution_lifecycle" name="test_remote_manifest_rejects_invalid_paths_and_digests[INCAR-$(echo bad)]" time="0.001" /><testcase classname="tests.test_execution_lifecycle" name="test_remote_manifest_rejects_invalid_paths_and_digests[INCAR-gggggggggggggggggggggggggggggggggggggggggggggggggggggggggggggggg]" time="0.001" /><testcase classname="tests.test_execution_lifecycle" name="test_local_input_traversal_rejected[../INCAR]" time="0.007" /><testcase classname="tests.test_execution_lifecycle" name="test_local_input_traversal_rejected[/tmp/INCAR]" time="0.007" /><testcase classname="tests.test_execution_lifecycle" name="test_local_input_traversal_rejected[C:/INCAR]" time="0.006" /><testcase classname="tests.test_execution_lifecycle" name="test_local_input_traversal_rejected[x/../../INCAR]" time="0.007" /><testcase classname="tests.test_execution_lifecycle" name="test_local_input_traversal_rejected[x/./INCAR]" time="0.008" /><testcase classname="tests.test_execution_lifecycle" name="test_staging_detects_mutation_during_copy" time="0.137" /><testcase classname="tests.test_execution_lifecycle" name="test_preexisting_remote_reservation_blocks_other_checkout" time="0.553" /><testcase classname="tests.test_execution_lifecycle" name="test_hard_process_death_after_bsub_keeps_unknown_reservation" time="1.873" /><testcase classname="tests.test_execution_lifecycle" name="test_scoped_stop_authorization_and_live_status_guard" time="0.514" /></testsuite></testsuites>